{"level":"warn","message":"Server running on port http://localhost:4000","timestamp":"2026-05-07 19:15:47"}
{"level":"warn","message":"Server running on port http://localhost:4000","timestamp":"2026-05-07 19:29:46"}
{"level":"info","message":"GET /","timestamp":"2026-05-07 19:29:50"}
{"level":"info","message":"GET /favicon.ico","timestamp":"2026-05-07 19:29:50"}
{"level":"info","message":"Server started successfully","timestamp":"2026-05-07 19:38:15"}
{"level":"info","message":"Server running at http://localhost:4000","timestamp":"2026-05-07 19:38:15"}
{"level":"info","message":"Server started successfully","timestamp":"2026-05-07 19:41:28"}
{"level":"info","message":"Server running at http://localhost:4000","timestamp":"2026-05-07 19:41:28"}
{"error":{"cause":{"commonWireVersion":0,"compatible":true,"heartbeatFrequencyMS":10000,"localThresholdMS":15,"logicalSessionTimeoutMinutes":null,"maxElectionId":null,"maxSetVersion":null,"servers":{"localhost:27017":{"$clusterTime":null,"address":"localhost:27017","arbiters":[],"electionId":null,"error":{"beforeHandshake":false,"errorLabelSet":{}},"hosts":[],"iscryptd":false,"lastUpdateTime":44611,"lastWriteDate":0,"logicalSessionTimeoutMinutes":null,"maxBsonObjectSize":null,"maxMessageSizeBytes":null,"maxWireVersion":0,"maxWriteBatchSize":null,"me":null,"minRoundTripTime":0,"minWireVersion":0,"passives":[],"primary":null,"roundTripTime":-1,"setName":null,"setVersion":null,"tags":{},"topologyVersion":null,"type":"Unknown"}},"setName":null,"stale":false,"type":"Unknown"},"errorLabelSet":{},"message":"connect ECONNREFUSED ::1:27017, connect ECONNREFUSED 127.0.0.1:27017","reason":{"commonWireVersion":0,"compatible":true,"heartbeatFrequencyMS":10000,"localThresholdMS":15,"logicalSessionTimeoutMinutes":null,"maxElectionId":null,"maxSetVersion":null,"servers":{"localhost:27017":{"$clusterTime":null,"address":"localhost:27017","arbiters":[],"electionId":null,"error":{"beforeHandshake":false,"errorLabelSet":{}},"hosts":[],"iscryptd":false,"lastUpdateTime":44611,"lastWriteDate":0,"logicalSessionTimeoutMinutes":null,"maxBsonObjectSize":null,"maxMessageSizeBytes":null,"maxWireVersion":0,"maxWriteBatchSize":null,"me":null,"minRoundTripTime":0,"minWireVersion":0,"passives":[],"primary":null,"roundTripTime":-1,"setName":null,"setVersion":null,"tags":{},"topologyVersion":null,"type":"Unknown"}},"setName":null,"stale":false,"type":"Unknown"}},"level":"error","message":"MongoDB connection failed","timestamp":"2026-05-07 22:18:44"}
{"level":"info","message":"Server started successfully","timestamp":"2026-05-07 22:19:21"}
{"level":"info","message":"Server running at http://localhost:4000","timestamp":"2026-05-07 22:19:21"}
{"level":"info","message":"GET /","timestamp":"2026-05-07 22:19:25"}
{"level":"info","message":"GET /favicon.ico","timestamp":"2026-05-07 22:19:25"}
{"level":"info","message":"Server started successfully","timestamp":"2026-05-07 23:40:36"}
{"level":"info","message":"Server is listening to the port http://localhost:4000","timestamp":"2026-05-07 23:40:36"}
{"level":"info","message":"GET /","timestamp":"2026-05-07 23:40:47"}
{"level":"info","message":"GET /favicon.ico","timestamp":"2026-05-07 23:40:48"}
{"level":"info","message":"GET /health","timestamp":"2026-05-07 23:40:55"}
{"level":"info","message":"GET /favicon.ico","timestamp":"2026-05-07 23:40:55"}
{"level":"info","message":"GET /health/abc","timestamp":"2026-05-07 23:41:28"}
{"level":"info","message":"GET /favicon.ico","timestamp":"2026-05-07 23:41:28"}
{"level":"info","message":"GET /login.html","timestamp":"2026-05-07 23:41:46"}
{"level":"info","message":"GET /favicon.ico","timestamp":"2026-05-07 23:41:46"}
{"level":"info","message":"Server started successfully","timestamp":"2026-05-12 23:44:38"}
{"level":"info","message":"Server is listening to the port http://localhost:4000","timestamp":"2026-05-12 23:44:38"}
{"level":"info","message":"GET /","timestamp":"2026-05-12 23:45:15"}
{"level":"info","message":"GET /favicon.ico","timestamp":"2026-05-12 23:45:15"}
{"level":"info","message":"Server started successfully","timestamp":"2026-05-12 23:46:54"}
{"level":"info","message":"Server is listening to the port http://localhost:4000","timestamp":"2026-05-12 23:46:54"}
{"level":"info","message":"GET /","timestamp":"2026-05-12 23:46:58"}
{"level":"info","message":"GET /favicon.ico","timestamp":"2026-05-12 23:46:58"}
{"level":"info","message":"Server started successfully","timestamp":"2026-05-12 23:50:51"}
{"level":"info","message":"Server is listening to the port http://localhost:4000","timestamp":"2026-05-12 23:50:51"}
{"level":"info","message":"GET /","timestamp":"2026-05-12 23:50:55"}
{"level":"info","message":"GET /favicon.ico","timestamp":"2026-05-12 23:50:55"}
{"level":"info","message":"Server started successfully","timestamp":"2026-05-13 13:34:40"}
{"level":"info","message":"Server is listening to the port http://localhost:4000","timestamp":"2026-05-13 13:34:40"}
{"level":"info","message":"GET /","timestamp":"2026-05-13 13:34:44"}
{"level":"info","message":"GET /favicon.ico","timestamp":"2026-05-13 13:34:44"}
{"level":"error","message":"[Redis] connection error:","timestamp":"2026-05-13 15:32:44"}
{"level":"error","message":"[Redis] connection error:","timestamp":"2026-05-13 15:32:44"}
{"level":"error","message":"[Redis] connection error:","timestamp":"2026-05-13 15:32:45"}
{"level":"error","message":"[Redis] connection error:","timestamp":"2026-05-13 15:32:45"}
{"level":"error","message":"[Redis] connection error:","timestamp":"2026-05-13 15:32:46"}
{"level":"error","message":"[Redis] connection error:","timestamp":"2026-05-13 15:32:47"}
{"level":"error","message":"[Redis] connection error:","timestamp":"2026-05-13 15:32:48"}
{"level":"error","message":"[Redis] connection error:","timestamp":"2026-05-13 15:32:50"}
{"level":"error","message":"[Redis] connection error:","timestamp":"2026-05-13 15:32:51"}
{"level":"error","message":"[Redis] connection error:","timestamp":"2026-05-13 15:32:53"}
{"level":"error","message":"[Redis] connection error:","timestamp":"2026-05-13 15:32:55"}
{"level":"error","message":"[Redis] connection error:","timestamp":"2026-05-13 15:34:19"}
{"level":"error","message":"[Redis] connection error:","timestamp":"2026-05-13 15:34:19"}
{"level":"error","message":"[Redis] connection error:","timestamp":"2026-05-13 15:34:19"}
{"level":"error","message":"[Redis] connection error:","timestamp":"2026-05-13 15:34:19"}
{"level":"error","message":"[Redis] connection error:","timestamp":"2026-05-13 15:34:20"}
{"level":"error","message":"[Redis] connection error:","timestamp":"2026-05-13 15:34:20"}
{"level":"error","message":"[Redis] connection error:","timestamp":"2026-05-13 15:34:20"}
{"level":"error","message":"[Redis] connection error:","timestamp":"2026-05-13 15:34:20"}
{"level":"error","message":"[Redis] connection error:","timestamp":"2026-05-13 15:34:21"}
{"level":"error","message":"[Redis] connection error:","timestamp":"2026-05-13 15:34:21"}
{"level":"error","message":"[Redis] connection error:","timestamp":"2026-05-13 15:34:22"}
{"level":"error","message":"[Redis] connection error:","timestamp":"2026-05-13 15:34:22"}
{"level":"error","message":"[Redis] connection error:","timestamp":"2026-05-13 15:34:23"}
{"level":"error","message":"[Redis] connection error:","timestamp":"2026-05-13 15:34:23"}
{"level":"error","message":"[Redis] connection error:","timestamp":"2026-05-13 15:34:25"}
{"level":"error","message":"[Redis] connection error:","timestamp":"2026-05-13 15:34:25"}
{"level":"info","message":"Initializing Google OIDC provider...","timestamp":"2026-05-13 15:38:54"}
{"level":"error","message":"[Redis] connection error:","timestamp":"2026-05-13 15:38:54"}
{"level":"error","message":"[Redis] connection error:","timestamp":"2026-05-13 15:38:54"}
{"level":"info","message":"Google OIDC provider initialized","timestamp":"2026-05-13 15:38:54"}
{"level":"error","message":"[Redis] connection error:","timestamp":"2026-05-13 15:38:55"}
{"level":"error","message":"[Redis] connection error:","timestamp":"2026-05-13 15:38:55"}
{"level":"info","message":"Initializing Google OIDC provider...","timestamp":"2026-05-13 15:42:28"}
{"level":"info","message":"[Redis] connected","timestamp":"2026-05-13 15:42:28"}
{"level":"info","message":"Google OIDC provider initialized","timestamp":"2026-05-13 15:42:28"}
{"level":"info","message":"Redis connected","timestamp":"2026-05-13 15:42:28"}
{"level":"info","message":"Server running on port http://localhost:4000","timestamp":"2026-05-13 15:42:28"}
{"level":"info","message":"Initializing Google OIDC provider...","timestamp":"2026-05-13 15:43:05"}
{"level":"info","message":"[Redis] connected","timestamp":"2026-05-13 15:43:05"}
{"level":"info","message":"Google OIDC provider initialized","timestamp":"2026-05-13 15:43:05"}
{"level":"info","message":"Redis connected","timestamp":"2026-05-13 15:43:05"}
{"level":"info","message":"Initializing Google OIDC provider...","timestamp":"2026-05-13 15:43:41"}
{"level":"info","message":"[Redis] connected","timestamp":"2026-05-13 15:43:41"}
{"level":"info","message":"Google OIDC provider initialized","timestamp":"2026-05-13 15:43:41"}
{"level":"info","message":"Redis connected","timestamp":"2026-05-13 15:43:41"}
{"level":"info","message":"Server running on port http://localhost:4000","timestamp":"2026-05-13 15:43:41"}
{"level":"info","message":"Initializing Google OIDC provider...","timestamp":"2026-05-13 15:44:09"}
{"level":"info","message":"[Redis] connected","timestamp":"2026-05-13 15:44:09"}
{"level":"info","message":"Google OIDC provider initialized","timestamp":"2026-05-13 15:44:09"}
{"level":"info","message":"Redis connected","timestamp":"2026-05-13 15:44:09"}
{"level":"info","message":"Server running on port http://localhost:4000","timestamp":"2026-05-13 15:44:09"}
{"level":"info","message":"Initializing Google OIDC provider...","timestamp":"2026-05-13 15:44:16"}
{"level":"info","message":"Google OIDC provider initialized","timestamp":"2026-05-13 15:44:16"}
{"level":"info","message":"[Redis] connected","timestamp":"2026-05-13 15:44:16"}
{"level":"info","message":"Redis connected","timestamp":"2026-05-13 15:44:16"}
{"level":"info","message":"Server running on port http://localhost:4000","timestamp":"2026-05-13 15:44:16"}
{"level":"info","message":"Initializing Google OIDC provider...","timestamp":"2026-05-13 16:01:23"}
{"level":"info","message":"[Redis] connected","timestamp":"2026-05-13 16:01:23"}
{"level":"info","message":"Google OIDC provider initialized","timestamp":"2026-05-13 16:01:24"}
{"level":"info","message":"Redis connected","timestamp":"2026-05-13 16:01:24"}
{"level":"info","message":"Server running on port http://localhost:4000","timestamp":"2026-05-13 16:01:24"}
{"level":"info","message":"Initializing Google OIDC provider...","timestamp":"2026-05-13 16:02:54"}
{"level":"info","message":"[Redis] connected","timestamp":"2026-05-13 16:02:54"}
{"level":"info","message":"Google OIDC provider initialized","timestamp":"2026-05-13 16:02:54"}
{"level":"info","message":"Redis connected","timestamp":"2026-05-13 16:02:54"}
{"level":"info","message":"Server running on port http://localhost:4000","timestamp":"2026-05-13 16:02:54"}
{"level":"info","message":"Initializing Google OIDC provider...","timestamp":"2026-05-13 16:07:30"}
{"level":"info","message":"[Redis] connected","timestamp":"2026-05-13 16:07:30"}
{"level":"info","message":"Google OIDC provider initialized","timestamp":"2026-05-13 16:07:30"}
{"level":"info","message":"Redis connected","timestamp":"2026-05-13 16:07:30"}
{"level":"info","message":"Server running on port http://localhost:4000","timestamp":"2026-05-13 16:07:30"}
{"level":"info","message":"Initializing Google OIDC provider...","timestamp":"2026-05-13 16:10:10"}
{"level":"info","message":"[Redis] connected","timestamp":"2026-05-13 16:10:10"}
{"level":"info","message":"Google OIDC provider initialized","timestamp":"2026-05-13 16:10:10"}
{"level":"info","message":"Redis connected","timestamp":"2026-05-13 16:10:10"}
{"level":"info","message":"Initializing Google OIDC provider...","timestamp":"2026-05-13 16:11:37"}
{"level":"info","message":"[Redis] connected","timestamp":"2026-05-13 16:11:37"}
{"level":"info","message":"Google OIDC provider initialized","timestamp":"2026-05-13 16:11:37"}
{"level":"info","message":"Redis connected","timestamp":"2026-05-13 16:11:37"}
{"level":"info","message":"Server running on port http://localhost:4000","timestamp":"2026-05-13 16:11:37"}
{"level":"info","message":"Initializing Google OIDC provider...","timestamp":"2026-05-13 16:13:05"}
{"level":"info","message":"[Redis] connected","timestamp":"2026-05-13 16:13:06"}
{"level":"info","message":"Google OIDC provider initialized","timestamp":"2026-05-13 16:13:06"}
{"level":"info","message":"Redis connected","timestamp":"2026-05-13 16:13:06"}
{"level":"info","message":"Server running on port http://localhost:4000","timestamp":"2026-05-13 16:13:06"}
{"level":"info","message":"[Redis] connected","timestamp":"2026-05-13 16:13:23"}
{"level":"info","message":"[Redis] connected","timestamp":"2026-05-13 16:13:23"}
{"level":"info","message":"Initializing Google OIDC provider...","timestamp":"2026-05-13 16:13:26"}
{"level":"info","message":"[Redis] connected","timestamp":"2026-05-13 16:13:26"}
{"level":"info","message":"Google OIDC provider initialized","timestamp":"2026-05-13 16:13:26"}
{"level":"info","message":"Redis connected","timestamp":"2026-05-13 16:13:26"}
{"level":"info","message":"Server running on port http://localhost:4000","timestamp":"2026-05-13 16:13:26"}
{"level":"info","message":"Initializing Google OIDC provider...","timestamp":"2026-05-13 16:13:28"}
{"level":"info","message":"[Redis] connected","timestamp":"2026-05-13 16:13:28"}
{"level":"info","message":"Google OIDC provider initialized","timestamp":"2026-05-13 16:13:28"}
{"level":"info","message":"Redis connected","timestamp":"2026-05-13 16:13:28"}
{"level":"info","message":"Server running on port http://localhost:4000","timestamp":"2026-05-13 16:13:28"}
{"level":"info","message":"Initializing Google OIDC provider...","timestamp":"2026-05-13 16:13:30"}
{"level":"info","message":"Google OIDC provider initialized","timestamp":"2026-05-13 16:13:30"}
{"level":"info","message":"[Redis] connected","timestamp":"2026-05-13 16:13:30"}
{"level":"info","message":"Redis connected","timestamp":"2026-05-13 16:13:30"}
{"level":"info","message":"Server running on port http://localhost:4000","timestamp":"2026-05-13 16:13:30"}
{"level":"info","message":"Initializing Google OIDC provider...","timestamp":"2026-05-13 16:14:38"}
{"level":"info","message":"Initializing Google OIDC provider...","timestamp":"2026-05-13 16:14:38"}
{"level":"info","message":"Google OIDC provider initialized","timestamp":"2026-05-13 16:14:38"}
{"level":"info","message":"Google OIDC provider initialized","timestamp":"2026-05-13 16:14:38"}
{"level":"info","message":"[Redis] connected","timestamp":"2026-05-13 16:14:38"}
{"level":"info","message":"[Redis] connected","timestamp":"2026-05-13 16:14:38"}
{"level":"info","message":"Redis connected","timestamp":"2026-05-13 16:14:38"}
{"level":"info","message":"Redis connected","timestamp":"2026-05-13 16:14:38"}
{"level":"info","message":"Server running on port http://localhost:4000","timestamp":"2026-05-13 16:14:38"}
{"level":"info","message":"Server running on port http://localhost:4000","timestamp":"2026-05-13 16:14:38"}
{"level":"info","message":"Initializing Google OIDC provider...","timestamp":"2026-05-13 16:16:18"}
{"level":"info","message":"[Redis] connected","timestamp":"2026-05-13 16:16:18"}
{"level":"info","message":"Google OIDC provider initialized","timestamp":"2026-05-13 16:16:18"}
{"level":"info","message":"Redis connected","timestamp":"2026-05-13 16:16:18"}
{"level":"info","message":"Server running on port http://localhost:4000","timestamp":"2026-05-13 16:16:18"}
{"level":"info","message":"Initializing Google OIDC provider...","timestamp":"2026-05-13 17:43:14"}
{"level":"error","message":"[Redis] connection error:","timestamp":"2026-05-13 17:43:14"}
{"level":"error","message":"[Redis] connection error:","timestamp":"2026-05-13 17:43:14"}
{"level":"info","message":"Google OIDC provider initialized","timestamp":"2026-05-13 17:43:15"}
{"level":"error","message":"[Redis] connection error:","timestamp":"2026-05-13 17:43:15"}
{"level":"error","message":"[Redis] connection error:","timestamp":"2026-05-13 17:43:15"}
{"level":"info","message":"Initializing Google OIDC provider...","timestamp":"2026-05-13 17:44:20"}
{"level":"info","message":"[Redis] connected","timestamp":"2026-05-13 17:44:20"}
{"level":"info","message":"Google OIDC provider initialized","timestamp":"2026-05-13 17:44:21"}
{"level":"info","message":"Redis connected","timestamp":"2026-05-13 17:44:21"}
{"level":"info","message":"Server running on port http://localhost:4000","timestamp":"2026-05-13 17:44:21"}
{"level":"info","message":"Initializing Google OIDC provider...","timestamp":"2026-05-13 17:47:53"}
{"level":"info","message":"[Redis] connected","timestamp":"2026-05-13 17:47:53"}
{"level":"info","message":"Google OIDC provider initialized","timestamp":"2026-05-13 17:47:53"}
{"level":"info","message":"Redis connected","timestamp":"2026-05-13 17:47:53"}
{"level":"info","message":"Server running on port http://localhost:4000","timestamp":"2026-05-13 17:47:53"}
{"level":"info","message":"Initializing Google OIDC provider...","timestamp":"2026-05-13 18:22:55"}
{"level":"error","message":"[Redis] connection error:","timestamp":"2026-05-13 18:22:56"}
{"level":"info","message":"Google OIDC provider initialized","timestamp":"2026-05-13 18:22:56"}
{"level":"error","message":"[Redis] connection error:","timestamp":"2026-05-13 18:22:56"}
{"level":"error","message":"[Redis] connection error:","timestamp":"2026-05-13 18:22:56"}
{"level":"error","message":"[Redis] connection error:","timestamp":"2026-05-13 18:22:57"}
{"level":"info","message":"Initializing Google OIDC provider...","timestamp":"2026-05-13 18:24:16"}
{"level":"info","message":"[Redis] connected","timestamp":"2026-05-13 18:24:16"}
{"level":"info","message":"Google OIDC provider initialized","timestamp":"2026-05-13 18:24:17"}
{"level":"info","message":"Redis connected","timestamp":"2026-05-13 18:24:17"}
{"level":"info","message":"Server running on port http://localhost:4000","timestamp":"2026-05-13 18:24:17"}
{"level":"info","message":"Initializing Google OIDC provider...","timestamp":"2026-05-13 18:28:33"}
{"level":"info","message":"Initializing Google OIDC provider...","timestamp":"2026-05-13 18:28:33"}
{"level":"info","message":"Google OIDC provider initialized","timestamp":"2026-05-13 18:28:33"}
{"level":"info","message":"Google OIDC provider initialized","timestamp":"2026-05-13 18:28:33"}
{"level":"info","message":"[Redis] connected","timestamp":"2026-05-13 18:28:33"}
{"level":"info","message":"[Redis] connected","timestamp":"2026-05-13 18:28:33"}
{"level":"info","message":"Redis connected","timestamp":"2026-05-13 18:28:33"}
{"level":"info","message":"Redis connected","timestamp":"2026-05-13 18:28:33"}
{"level":"info","message":"Server running on port http://localhost:4000","timestamp":"2026-05-13 18:28:33"}
{"level":"info","message":"Server running on port http://localhost:4000","timestamp":"2026-05-13 18:28:33"}
{"level":"info","message":"Initializing Google OIDC provider...","timestamp":"2026-05-13 18:30:05"}
{"level":"info","message":"Initializing Google OIDC provider...","timestamp":"2026-05-13 18:30:06"}
{"level":"info","message":"Google OIDC provider initialized","timestamp":"2026-05-13 18:30:05"}
{"level":"info","message":"[Redis] connected","timestamp":"2026-05-13 18:30:06"}
{"level":"info","message":"Redis connected","timestamp":"2026-05-13 18:30:06"}
{"level":"info","message":"[Redis] connected","timestamp":"2026-05-13 18:30:06"}
{"level":"info","message":"Google OIDC provider initialized","timestamp":"2026-05-13 18:30:06"}
{"level":"info","message":"Server running on port http://localhost:4000","timestamp":"2026-05-13 18:30:06"}
{"level":"info","message":"Redis connected","timestamp":"2026-05-13 18:30:06"}
{"level":"info","message":"Server running on port http://localhost:4000","timestamp":"2026-05-13 18:30:06"}
{"level":"info","message":"Initializing Google OIDC provider...","timestamp":"2026-05-13 22:08:35"}
{"level":"info","message":"Google OIDC provider initialized","timestamp":"2026-05-13 22:08:35"}
{"level":"info","message":"Redis connected","timestamp":"2026-05-13 22:08:35"}
{"level":"info","message":"Server running on port http://localhost:4000","timestamp":"2026-05-13 22:08:35"}
{"level":"info","message":"Initializing server","timestamp":"2026-05-13 22:22:02"}
{"level":"info","message":"Server running on port http://localhost:4000","timestamp":"2026-05-13 22:22:02"}
{"level":"info","message":"Initializing server","timestamp":"2026-05-13 22:22:36"}
{"level":"info","message":"Server is listning on port http://localhost:4000","timestamp":"2026-05-13 22:22:36"}
{"level":"info","message":"Initializing server","timestamp":"2026-05-13 22:22:46"}
{"level":"info","message":"Server is listening on port http://localhost:4000","timestamp":"2026-05-13 22:22:46"}
{"level":"info","message":"Initializing server","timestamp":"2026-05-13 22:24:28"}
{"level":"info","message":"Server is listening on port http://localhost:4000","timestamp":"2026-05-13 22:24:28"}
{"level":"info","message":"Starting application","timestamp":"2026-05-13 22:25:41"}
{"level":"info","message":"Server running at http://localhost:4000","timestamp":"2026-05-13 22:25:41"}
{"level":"info","message":"Starting application","timestamp":"2026-05-13 22:25:46"}
{"level":"info","message":"Server running at http://localhost:4000","timestamp":"2026-05-13 22:25:46"}
{"level":"info","message":"Starting application","timestamp":"2026-05-13 22:25:49"}
{"level":"info","message":"Server running at http://localhost:4000","timestamp":"2026-05-13 22:25:49"}
{"level":"info","message":"Starting application","timestamp":"2026-05-13 22:25:51"}
{"level":"info","message":"Server running at http://localhost:4000","timestamp":"2026-05-13 22:25:51"}
{"level":"info","message":"Starting application","timestamp":"2026-05-13 22:26:00"}
{"level":"info","message":"Server running at http://localhost:4000","timestamp":"2026-05-13 22:26:00"}
{"level":"info","message":"Starting application","timestamp":"2026-05-13 22:26:05"}
{"level":"info","message":"Server running at http://localhost:4000","timestamp":"2026-05-13 22:26:05"}
{"level":"info","message":"Starting application","timestamp":"2026-05-13 22:26:08"}
{"level":"info","message":"Server running at http://localhost:4000","timestamp":"2026-05-13 22:26:08"}
{"level":"info","message":"Starting application","timestamp":"2026-05-13 22:26:28"}
{"level":"info","message":"Server running at http://localhost:4000","timestamp":"2026-05-13 22:26:28"}
{"level":"info","message":"Starting application","timestamp":"2026-05-13 22:26:38"}
{"level":"info","message":"Server running at http://localhost:4000","timestamp":"2026-05-13 22:26:38"}
{"level":"info","message":"Initializing server","timestamp":"2026-05-14 10:01:29"}
{"level":"info","message":"Server started successfully","timestamp":"2026-05-14 10:01:29"}
{"level":"info","message":"Server is listening on port http://localhost:4000","timestamp":"2026-05-14 10:01:29"}
{"level":"info","message":"Initializing server","timestamp":"2026-05-14 10:01:57"}
{"level":"info","message":"Server started successfully","timestamp":"2026-05-14 10:01:57"}
{"level":"info","message":"Initializing server","timestamp":"2026-05-14 10:02:05"}
{"level":"info","message":"Server started successfully","timestamp":"2026-05-14 10:02:05"}
{"level":"info","message":"Server is listening on port http://localhost:4000","timestamp":"2026-05-14 10:02:05"}
{"level":"info","message":"Initializing server","timestamp":"2026-05-14 10:57:13"}
{"level":"info","message":"PostgreSQL connected","timestamp":"2026-05-14 10:57:13"}
{"level":"info","message":"PostgreSQL connected successfully","timestamp":"2026-05-14 10:57:13"}
{"level":"info","message":"Server started successfully","timestamp":"2026-05-14 10:57:13"}
{"level":"info","message":"Server is listening on port http://localhost:4000","timestamp":"2026-05-14 10:57:13"}
{"level":"info","message":"Initializing server","timestamp":"2026-05-14 10:57:25"}
{"level":"info","message":"PostgreSQL connected","timestamp":"2026-05-14 10:57:25"}
{"level":"info","message":"PostgreSQL connected successfully","timestamp":"2026-05-14 10:57:25"}
{"level":"info","message":"Server started successfully","timestamp":"2026-05-14 10:57:25"}
{"level":"info","message":"Server is listening on port http://localhost:4000","timestamp":"2026-05-14 10:57:25"}
{"level":"info","message":"Initializing server","timestamp":"2026-05-14 10:57:28"}
{"level":"info","message":"PostgreSQL connected","timestamp":"2026-05-14 10:57:28"}
{"level":"info","message":"PostgreSQL connected successfully","timestamp":"2026-05-14 10:57:28"}
{"level":"info","message":"Server started successfully","timestamp":"2026-05-14 10:57:28"}
{"level":"info","message":"Server is listening on port http://localhost:4000","timestamp":"2026-05-14 10:57:28"}
{"level":"info","message":"Initializing server","timestamp":"2026-05-14 10:57:38"}
{"level":"info","message":"PostgreSQL connected","timestamp":"2026-05-14 10:57:38"}
{"level":"info","message":"PostgreSQL connected successfully","timestamp":"2026-05-14 10:57:38"}
{"level":"info","message":"Server started successfully","timestamp":"2026-05-14 10:57:38"}
{"level":"info","message":"Server is listening on port http://localhost:4000","timestamp":"2026-05-14 10:57:38"}
{"level":"info","message":"Initializing server","timestamp":"2026-05-14 10:57:40"}
{"level":"info","message":"PostgreSQL connected","timestamp":"2026-05-14 10:57:40"}
{"level":"info","message":"PostgreSQL connected successfully","timestamp":"2026-05-14 10:57:40"}
{"level":"info","message":"Server started successfully","timestamp":"2026-05-14 10:57:40"}
{"level":"info","message":"Server is listening on port http://localhost:4000","timestamp":"2026-05-14 10:57:40"}
{"level":"info","message":"Initializing server","timestamp":"2026-05-14 10:57:45"}
{"level":"info","message":"PostgreSQL connected","timestamp":"2026-05-14 10:57:45"}
{"level":"info","message":"PostgreSQL connected successfully","timestamp":"2026-05-14 10:57:45"}
{"level":"info","message":"Server started successfully","timestamp":"2026-05-14 10:57:45"}
{"level":"info","message":"Server is listening on port http://localhost:4000","timestamp":"2026-05-14 10:57:45"}
{"level":"info","message":"Initializing server","timestamp":"2026-05-14 10:57:49"}
{"level":"info","message":"PostgreSQL connected","timestamp":"2026-05-14 10:57:49"}
{"level":"info","message":"PostgreSQL connected successfully","timestamp":"2026-05-14 10:57:49"}
{"level":"info","message":"","timestamp":"2026-05-14 10:57:49"}
{"level":"info","message":"Server started successfully","timestamp":"2026-05-14 10:57:49"}
{"level":"info","message":"Server is listening on port http://localhost:4000","timestamp":"2026-05-14 10:57:49"}
{"level":"info","message":"Initializing server","timestamp":"2026-05-14 10:58:08"}
{"level":"info","message":"PostgreSQL connected","timestamp":"2026-05-14 10:58:08"}
{"level":"info","message":"PostgreSQL connected successfully","timestamp":"2026-05-14 10:58:08"}
{"level":"info","message":"","timestamp":"2026-05-14 10:58:08"}
{"level":"info","message":"Server started successfully","timestamp":"2026-05-14 10:58:08"}
{"level":"info","message":"Server is listening on port http://localhost:4000","timestamp":"2026-05-14 10:58:08"}
{"level":"info","message":"Initializing server","timestamp":"2026-05-14 10:58:33"}
{"level":"info","message":"PostgreSQL connected","timestamp":"2026-05-14 10:58:33"}
{"level":"info","message":"PostgreSQL connected successfully","timestamp":"2026-05-14 10:58:33"}
{"level":"info","message":"P","timestamp":"2026-05-14 10:58:33"}
{"level":"info","message":"Server started successfully","timestamp":"2026-05-14 10:58:33"}
{"level":"info","message":"Server is listening on port http://localhost:4000","timestamp":"2026-05-14 10:58:33"}
{"level":"info","message":"Initializing server","timestamp":"2026-05-14 10:58:38"}
{"level":"info","message":"PostgreSQL connected","timestamp":"2026-05-14 10:58:38"}
{"level":"info","message":"PostgreSQL connected successfully","timestamp":"2026-05-14 10:58:38"}
{"level":"info","message":"PostgreSQL ","timestamp":"2026-05-14 10:58:38"}
{"level":"info","message":"Server started successfully","timestamp":"2026-05-14 10:58:38"}
{"level":"info","message":"Server is listening on port http://localhost:4000","timestamp":"2026-05-14 10:58:38"}
{"level":"info","message":"Initializing server","timestamp":"2026-05-14 10:58:46"}
{"level":"info","message":"PostgreSQL connected","timestamp":"2026-05-14 10:58:46"}
{"level":"info","message":"PostgreSQL connected successfully","timestamp":"2026-05-14 10:58:46"}
{"level":"info","message":"PostgreSQL connection works ","timestamp":"2026-05-14 10:58:46"}
{"level":"info","message":"Server started successfully","timestamp":"2026-05-14 10:58:46"}
{"level":"info","message":"Server is listening on port http://localhost:4000","timestamp":"2026-05-14 10:58:46"}
{"level":"info","message":"Initializing server","timestamp":"2026-05-14 10:58:48"}
{"level":"info","message":"PostgreSQL connected","timestamp":"2026-05-14 10:58:48"}
{"level":"info","message":"PostgreSQL connected successfully","timestamp":"2026-05-14 10:58:48"}
{"level":"info","message":"PostgreSQL connection works fine","timestamp":"2026-05-14 10:58:48"}
{"level":"info","message":"Server started successfully","timestamp":"2026-05-14 10:58:48"}
{"level":"info","message":"Server is listening on port http://localhost:4000","timestamp":"2026-05-14 10:58:48"}
{"level":"info","message":"Initializing server","timestamp":"2026-05-14 10:58:55"}
{"level":"info","message":"Server started successfully","timestamp":"2026-05-14 10:58:55"}
{"level":"info","message":"Server is listening on port http://localhost:4000","timestamp":"2026-05-14 10:58:55"}
{"level":"info","message":"PostgreSQL connected","timestamp":"2026-05-14 10:58:55"}
{"level":"info","message":"PostgreSQL connected successfully","timestamp":"2026-05-14 10:58:55"}
{"level":"info","message":"PostgreSQL connection works fine","timestamp":"2026-05-14 10:58:55"}
{"level":"info","message":"Initializing server","timestamp":"2026-05-14 10:59:01"}
{"level":"info","message":"PostgreSQL connected","timestamp":"2026-05-14 10:59:01"}
{"level":"info","message":"PostgreSQL connected successfully","timestamp":"2026-05-14 10:59:01"}
{"level":"info","message":"PostgreSQL connection works fine","timestamp":"2026-05-14 10:59:01"}
{"level":"info","message":"Server started successfully","timestamp":"2026-05-14 10:59:01"}
{"level":"info","message":"Server is listening on port http://localhost:4000","timestamp":"2026-05-14 10:59:01"}
{"level":"info","message":"Initializing server","timestamp":"2026-05-14 10:59:03"}
{"level":"info","message":"PostgreSQL connected","timestamp":"2026-05-14 10:59:03"}
{"level":"info","message":"PostgreSQL connected successfully","timestamp":"2026-05-14 10:59:03"}
{"level":"info","message":"PostgreSQL connection works fine","timestamp":"2026-05-14 10:59:03"}
{"level":"info","message":"Server started successfully","timestamp":"2026-05-14 10:59:03"}
{"level":"info","message":"Server is listening on port http://localhost:4000","timestamp":"2026-05-14 10:59:03"}
{"level":"info","message":"Initializing server","timestamp":"2026-05-14 10:59:05"}
{"level":"info","message":"PostgreSQL connected","timestamp":"2026-05-14 10:59:05"}
{"level":"info","message":"PostgreSQL connected successfully","timestamp":"2026-05-14 10:59:05"}
{"level":"info","message":"PostgreSQL connection works fine","timestamp":"2026-05-14 10:59:05"}
{"level":"info","message":"Server started successfully","timestamp":"2026-05-14 10:59:05"}
{"level":"info","message":"Server is listening on port http://localhost:4000","timestamp":"2026-05-14 10:59:05"}
{"level":"info","message":"Initializing server","timestamp":"2026-05-14 10:59:08"}
{"level":"info","message":"PostgreSQL connected","timestamp":"2026-05-14 10:59:08"}
{"level":"info","message":"PostgreSQL connected successfully","timestamp":"2026-05-14 10:59:08"}
{"level":"info","message":"PostgreSQL connection works fine","timestamp":"2026-05-14 10:59:08"}
{"level":"info","message":"Server started successfully","timestamp":"2026-05-14 10:59:08"}
{"level":"info","message":"Server is listening on port http://localhost:4000","timestamp":"2026-05-14 10:59:08"}
{"level":"info","message":"Initializing server","timestamp":"2026-05-14 10:59:12"}
{"level":"info","message":"PostgreSQL connected","timestamp":"2026-05-14 10:59:12"}
{"level":"info","message":"PostgreSQL connected successfully","timestamp":"2026-05-14 10:59:12"}
{"level":"info","message":"PostgreSQL connection works fine","timestamp":"2026-05-14 10:59:12"}
{"level":"info","message":"Server started successfully","timestamp":"2026-05-14 10:59:12"}
{"level":"info","message":"Server is listening on port http://localhost:4000","timestamp":"2026-05-14 10:59:12"}
{"level":"info","message":"Initializing server","timestamp":"2026-05-14 10:59:27"}
{"level":"info","message":"PostgreSQL connected","timestamp":"2026-05-14 10:59:27"}
{"level":"info","message":"PostgreSQL connected successfully","timestamp":"2026-05-14 10:59:27"}
{"level":"info","message":"PostgreSQL connection works fine on src/server.ts","timestamp":"2026-05-14 10:59:27"}
{"level":"info","message":"Server started successfully","timestamp":"2026-05-14 10:59:27"}
{"level":"info","message":"Server is listening on port http://localhost:4000","timestamp":"2026-05-14 10:59:27"}
{"level":"info","message":"Initializing server","timestamp":"2026-05-14 10:59:33"}
{"level":"info","message":"PostgreSQL connected","timestamp":"2026-05-14 10:59:33"}
{"level":"info","message":"PostgreSQL connected successfully","timestamp":"2026-05-14 10:59:33"}
{"level":"info","message":"PostgreSQL connection works fine on src/server.ts","timestamp":"2026-05-14 10:59:33"}
{"level":"info","message":"Server started successfully","timestamp":"2026-05-14 10:59:33"}
{"level":"info","message":"Server is listening on port http://localhost:4000","timestamp":"2026-05-14 10:59:33"}
{"level":"info","message":"Initializing server","timestamp":"2026-05-14 10:59:44"}
{"level":"info","message":"PostgreSQL connected","timestamp":"2026-05-14 10:59:45"}
{"level":"info","message":"PostgreSQL connected successfully","timestamp":"2026-05-14 10:59:45"}
{"level":"info","message":"PostgreSQL connection works fine on src/server.ts","timestamp":"2026-05-14 10:59:45"}
{"level":"info","message":"Server started successfully","timestamp":"2026-05-14 10:59:45"}
{"level":"info","message":"Server is listening on port http://localhost:4000","timestamp":"2026-05-14 10:59:45"}
{"level":"info","message":"Initializing server","timestamp":"2026-05-14 10:59:48"}
{"level":"info","message":"PostgreSQL connected","timestamp":"2026-05-14 10:59:48"}
{"level":"info","message":"PostgreSQL connected successfully","timestamp":"2026-05-14 10:59:48"}
{"level":"info","message":"PostgreSQL connection works fine on src/server.ts","timestamp":"2026-05-14 10:59:48"}
{"level":"info","message":"Server started successfully","timestamp":"2026-05-14 10:59:48"}
{"level":"info","message":"Server is listening on port http://localhost:4000","timestamp":"2026-05-14 10:59:48"}
{"level":"info","message":"Initializing server","timestamp":"2026-05-14 11:00:39"}
{"level":"info","message":"PostgreSQL connected successfully","timestamp":"2026-05-14 11:00:40"}
{"level":"info","message":"PostgreSQL connected successfully","timestamp":"2026-05-14 11:00:40"}
{"level":"info","message":"PostgreSQL connection works fine on src/server.ts","timestamp":"2026-05-14 11:00:40"}
{"level":"info","message":"Server started successfully","timestamp":"2026-05-14 11:00:40"}
{"level":"info","message":"Server is listening on port http://localhost:4000","timestamp":"2026-05-14 11:00:40"}
{"level":"info","message":"Initializing server","timestamp":"2026-05-14 11:00:51"}
{"level":"info","message":"PostgreSQL connected successfully","timestamp":"2026-05-14 11:00:51"}
{"level":"info","message":"PostgreSQL connected successfully","timestamp":"2026-05-14 11:00:51"}
{"level":"info","message":"PostgreSQL connection works fine on src/server.ts","timestamp":"2026-05-14 11:00:51"}
{"level":"info","message":"Server started successfully","timestamp":"2026-05-14 11:00:51"}
{"level":"info","message":"Server is listening on port http://localhost:4000","timestamp":"2026-05-14 11:00:51"}
{"level":"info","message":"Initializing server","timestamp":"2026-05-14 11:01:50"}
{"level":"info","message":"Server started successfully","timestamp":"2026-05-14 11:01:50"}
{"level":"info","message":"Server is listening on port http://localhost:4000","timestamp":"2026-05-14 11:01:50"}
{"level":"info","message":"Initializing server","timestamp":"2026-05-14 11:01:53"}
{"level":"info","message":"Server started successfully","timestamp":"2026-05-14 11:01:53"}
{"level":"info","message":"Server is listening on port http://localhost:4000","timestamp":"2026-05-14 11:01:53"}
{"level":"info","message":"Initializing server","timestamp":"2026-05-14 11:02:50"}
{"level":"info","message":"Server started successfully","timestamp":"2026-05-14 11:02:50"}
{"level":"info","message":"Server is listening on port http://localhost:4000","timestamp":"2026-05-14 11:02:50"}
{"level":"info","message":"Initializing server","timestamp":"2026-05-14 11:02:54"}
{"level":"info","message":"Server started successfully","timestamp":"2026-05-14 11:02:54"}
{"level":"info","message":"Server is listening on port http://localhost:4000","timestamp":"2026-05-14 11:02:54"}
{"level":"info","message":"Initializing server","timestamp":"2026-05-14 11:02:58"}
{"level":"info","message":"Server started successfully","timestamp":"2026-05-14 11:02:58"}
{"level":"info","message":"Server is listening on port http://localhost:4000","timestamp":"2026-05-14 11:02:58"}
{"level":"info","message":"Initializing server","timestamp":"2026-05-14 11:03:01"}
{"level":"info","message":"Server started successfully","timestamp":"2026-05-14 11:03:01"}
{"level":"info","message":"Server is listening on port http://localhost:4000","timestamp":"2026-05-14 11:03:01"}
{"level":"info","message":"Initializing server","timestamp":"2026-05-14 11:03:03"}
{"level":"info","message":"Server started successfully","timestamp":"2026-05-14 11:03:03"}
{"level":"info","message":"Server is listening on port http://localhost:4000","timestamp":"2026-05-14 11:03:03"}
{"level":"info","message":"Initializing server","timestamp":"2026-05-14 11:03:04"}
{"level":"info","message":"Server started successfully","timestamp":"2026-05-14 11:03:04"}
{"level":"info","message":"Server is listening on port http://localhost:4000","timestamp":"2026-05-14 11:03:04"}
{"level":"info","message":"Initializing server","timestamp":"2026-05-14 11:03:09"}
{"level":"info","message":"Server started successfully","timestamp":"2026-05-14 11:03:09"}
{"level":"info","message":"Server is listening on port http://localhost:4000","timestamp":"2026-05-14 11:03:10"}
{"level":"info","message":"Initializing server","timestamp":"2026-05-14 11:03:12"}
{"level":"info","message":"Server started successfully","timestamp":"2026-05-14 11:03:12"}
{"level":"info","message":"Server is listening on port http://localhost:4000","timestamp":"2026-05-14 11:03:12"}
{"level":"info","message":"Initializing server","timestamp":"2026-05-14 11:05:59"}
{"level":"info","message":"Server started successfully","timestamp":"2026-05-14 11:05:59"}
{"level":"info","message":"Server is listening on port http://localhost:4000","timestamp":"2026-05-14 11:05:59"}
{"level":"info","message":"Initializing server","timestamp":"2026-05-14 11:06:23"}
{"level":"info","message":"Server started successfully","timestamp":"2026-05-14 11:06:23"}
{"level":"info","message":"Server is listening on port http://localhost:4000","timestamp":"2026-05-14 11:06:23"}
{"level":"info","message":"Initializing server","timestamp":"2026-05-14 11:06:30"}
{"level":"info","message":"Server started successfully","timestamp":"2026-05-14 11:06:30"}
{"level":"info","message":"Server is listening on port http://localhost:4000","timestamp":"2026-05-14 11:06:30"}
{"level":"info","message":"Initializing server","timestamp":"2026-05-14 11:06:42"}
{"level":"info","message":"Server started successfully","timestamp":"2026-05-14 11:06:42"}
{"level":"info","message":"Server is listening on port http://localhost:4000","timestamp":"2026-05-14 11:06:42"}
{"level":"info","message":"Initializing server","timestamp":"2026-05-14 11:07:03"}
{"level":"info","message":"Server started successfully","timestamp":"2026-05-14 11:07:03"}
{"level":"info","message":"Server is listening on port http://localhost:4000","timestamp":"2026-05-14 11:07:03"}
{"level":"info","message":"Initializing server","timestamp":"2026-05-14 11:07:08"}
{"level":"info","message":"Server started successfully","timestamp":"2026-05-14 11:07:08"}
{"level":"info","message":"Server is listening on port http://localhost:4000","timestamp":"2026-05-14 11:07:08"}
{"level":"info","message":"Initializing server","timestamp":"2026-05-14 11:07:21"}
{"level":"info","message":"hello","timestamp":"2026-05-14 11:07:21"}
{"level":"info","message":"Server started successfully","timestamp":"2026-05-14 11:07:21"}
{"level":"info","message":"Server is listening on port http://localhost:4000","timestamp":"2026-05-14 11:07:21"}
{"level":"info","message":"Initializing server","timestamp":"2026-05-14 11:09:13"}
{"level":"info","message":"PostgreSQL connected successfully","timestamp":"2026-05-14 11:09:13"}
{"level":"info","message":"hello","timestamp":"2026-05-14 11:09:13"}
{"level":"info","message":"Server started successfully","timestamp":"2026-05-14 11:09:13"}
{"level":"info","message":"Server is listening on port http://localhost:4000","timestamp":"2026-05-14 11:09:13"}
{"level":"info","message":"Initializing server","timestamp":"2026-05-14 11:09:37"}
{"level":"info","message":"PostgreSQL connected successfully","timestamp":"2026-05-14 11:09:37"}
{"level":"info","message":"Server started successfully","timestamp":"2026-05-14 11:09:37"}
{"level":"info","message":"Server is listening on port http://localhost:4000","timestamp":"2026-05-14 11:09:37"}
{"level":"info","message":"Initializing server","timestamp":"2026-05-14 11:09:45"}
{"level":"info","message":"PostgreSQL connected successfully","timestamp":"2026-05-14 11:09:45"}
{"level":"info","message":"Server started successfully","timestamp":"2026-05-14 11:09:45"}
{"level":"info","message":"Server is listening on port http://localhost:4000","timestamp":"2026-05-14 11:09:45"}
{"level":"info","message":"Initializing server","timestamp":"2026-05-14 11:11:15"}
{"level":"info","message":"PostgreSQL connected successfully","timestamp":"2026-05-14 11:11:15"}
{"level":"info","message":"Server started successfully","timestamp":"2026-05-14 11:11:15"}
{"level":"info","message":"Server is listening on port http://localhost:4000","timestamp":"2026-05-14 11:11:15"}
{"level":"info","message":"Initializing server","timestamp":"2026-05-14 11:11:18"}
{"level":"info","message":"PostgreSQL connected successfully","timestamp":"2026-05-14 11:11:18"}
{"level":"info","message":"Server started successfully","timestamp":"2026-05-14 11:11:18"}
{"level":"info","message":"Server is listening on port http://localhost:4000","timestamp":"2026-05-14 11:11:18"}
{"level":"info","message":"Initializing server","timestamp":"2026-05-14 11:11:24"}
{"level":"info","message":"PostgreSQL connected successfully","timestamp":"2026-05-14 11:11:24"}
{"level":"info","message":"Server started successfully","timestamp":"2026-05-14 11:11:24"}
{"level":"info","message":"Server is listening on port http://localhost:4000","timestamp":"2026-05-14 11:11:24"}
{"level":"info","message":"Initializing server","timestamp":"2026-05-14 11:12:03"}
{"level":"info","message":"PostgreSQL connected successfully","timestamp":"2026-05-14 11:12:03"}
{"level":"info","message":"Server started successfully","timestamp":"2026-05-14 11:12:03"}
{"level":"info","message":"Server is listening on port http://localhost:4000","timestamp":"2026-05-14 11:12:03"}
{"level":"info","message":"Initializing server","timestamp":"2026-05-14 11:12:07"}
{"level":"info","message":"PostgreSQL connected successfully","timestamp":"2026-05-14 11:12:07"}
{"level":"info","message":"Server started successfully","timestamp":"2026-05-14 11:12:07"}
{"level":"info","message":"Server is listening on port http://localhost:4000","timestamp":"2026-05-14 11:12:07"}
{"level":"info","message":"Initializing server","timestamp":"2026-05-14 11:12:18"}
{"level":"info","message":"PostgreSQL connected successfully","timestamp":"2026-05-14 11:12:18"}
{"level":"info","message":"Server started successfully","timestamp":"2026-05-14 11:12:18"}
{"level":"info","message":"Server is listening on port http://localhost:4000","timestamp":"2026-05-14 11:12:18"}
{"level":"info","message":"Initializing server","timestamp":"2026-05-14 11:13:11"}
{"level":"info","message":"PostgreSQL connected successfully","timestamp":"2026-05-14 11:13:11"}
{"level":"info","message":"Server started successfully","timestamp":"2026-05-14 11:13:11"}
{"level":"info","message":"Server is listening on port http://localhost:4000","timestamp":"2026-05-14 11:13:11"}
{"level":"info","message":"Initializing server","timestamp":"2026-05-14 11:13:15"}
{"level":"info","message":"PostgreSQL connected successfully","timestamp":"2026-05-14 11:13:15"}
{"level":"info","message":"Server started successfully","timestamp":"2026-05-14 11:13:15"}
{"level":"info","message":"Server is listening on port http://localhost:4000","timestamp":"2026-05-14 11:13:15"}
{"level":"info","message":"Initializing server","timestamp":"2026-05-14 11:13:22"}
{"level":"info","message":"PostgreSQL connected successfully","timestamp":"2026-05-14 11:13:22"}
{"level":"info","message":"Server started successfully","timestamp":"2026-05-14 11:13:22"}
{"level":"info","message":"Server is listening on port http://localhost:4000","timestamp":"2026-05-14 11:13:22"}
{"level":"info","message":"Initializing server","timestamp":"2026-05-14 11:19:44"}
{"level":"info","message":"PostgreSQL connected successfully","timestamp":"2026-05-14 11:19:44"}
{"level":"info","message":"Server started successfully","timestamp":"2026-05-14 11:19:44"}
{"level":"info","message":"Server is listening on port http://localhost:4000","timestamp":"2026-05-14 11:19:44"}
{"level":"info","message":"Initializing server","timestamp":"2026-05-14 11:21:11"}
{"level":"error","message":"PostgreSQL connection failed The server does not support SSL connections","stack":"Error: The server does not support SSL connections\n    at <anonymous> (D:\\Rajarshi Chakraborty ( Arghya )\\Projects\\Polling-App-Hackathon\\Server\\node_modules\\pg-pool\\index.js:45:11)\n    at processTicksAndRejections (native:7:39)","timestamp":"2026-05-14 11:21:11"}
{"level":"info","message":"Initializing server","timestamp":"2026-05-14 11:31:09"}
{"level":"info","message":"Initializing server","timestamp":"2026-05-14 11:32:18"}
{"level":"info","message":"PostgreSQL connected successfully","timestamp":"2026-05-14 11:32:18"}
{"level":"info","message":"Server started successfully","timestamp":"2026-05-14 11:32:18"}
{"level":"info","message":"Server is listening on port http://localhost:4000","timestamp":"2026-05-14 11:32:19"}
